2023-08-27 00:07:27,052 INFO com.telegram.springPechenBot.SpringPechenBotApplication [main] Starting SpringPechenBotApplication using Java 20.0.2 with PID 7704 (C:\Users\6ak4a\IdeaProjects\springPechenBot\springPechenBot\target\classes started by 6ak4a in C:\Users\6ak4a\IdeaProjects\springPechenBot)
2023-08-27 00:07:27,063 INFO com.telegram.springPechenBot.SpringPechenBotApplication [main] No active profile set, falling back to 1 default profile: "default"
2023-08-27 00:07:28,131 INFO org.hibernate.jpa.internal.util.LogHelper [main] HHH000204: Processing PersistenceUnitInfo [name: default]
2023-08-27 00:07:28,199 INFO org.hibernate.Version [main] HHH000412: Hibernate ORM core version 6.2.6.Final
2023-08-27 00:07:28,202 INFO org.hibernate.cfg.Environment [main] HHH000406: Using bytecode reflection optimizer
2023-08-27 00:07:28,408 INFO org.hibernate.bytecode.internal.BytecodeProviderInitiator [main] HHH000021: Bytecode provider name : bytebuddy
2023-08-27 00:07:28,594 INFO com.zaxxer.hikari.HikariDataSource [main] HikariPool-1 - Starting...
2023-08-27 00:07:28,929 INFO com.zaxxer.hikari.pool.HikariPool [main] HikariPool-1 - Added connection org.postgresql.jdbc.PgConnection@5cd96b41
2023-08-27 00:07:28,930 INFO com.zaxxer.hikari.HikariDataSource [main] HikariPool-1 - Start completed.
2023-08-27 00:07:29,400 INFO org.hibernate.bytecode.internal.BytecodeProviderInitiator [main] HHH000021: Bytecode provider name : bytebuddy
2023-08-27 00:07:30,181 INFO org.hibernate.engine.transaction.jta.platform.internal.JtaPlatformInitiator [main] HHH000490: Using JtaPlatform implementation: [org.hibernate.engine.transaction.jta.platform.internal.NoJtaPlatform]
2023-08-27 00:07:31,617 INFO com.telegram.springPechenBot.SpringPechenBotApplication [main] Started SpringPechenBotApplication in 4.99 seconds (process running for 5.647)
2023-08-27 00:07:35,588 INFO com.telegram.springPechenBot.service.TelegramBotServiceImpl [SpringPechenBot Telegram Executor] Отправили ответ на start для пользователя Александр
2023-08-27 00:09:22,851 INFO com.zaxxer.hikari.HikariDataSource [SpringApplicationShutdownHook] HikariPool-1 - Shutdown initiated...
2023-08-27 00:09:22,854 INFO com.zaxxer.hikari.HikariDataSource [SpringApplicationShutdownHook] HikariPool-1 - Shutdown completed.
2023-08-27 00:09:29,979 INFO com.telegram.springPechenBot.SpringPechenBotApplication [main] Starting SpringPechenBotApplication using Java 20.0.2 with PID 2924 (C:\Users\6ak4a\IdeaProjects\springPechenBot\springPechenBot\target\classes started by 6ak4a in C:\Users\6ak4a\IdeaProjects\springPechenBot)
2023-08-27 00:09:29,981 INFO com.telegram.springPechenBot.SpringPechenBotApplication [main] No active profile set, falling back to 1 default profile: "default"
2023-08-27 00:09:30,839 INFO org.hibernate.jpa.internal.util.LogHelper [main] HHH000204: Processing PersistenceUnitInfo [name: default]
2023-08-27 00:09:30,881 INFO org.hibernate.Version [main] HHH000412: Hibernate ORM core version 6.2.6.Final
2023-08-27 00:09:30,884 INFO org.hibernate.cfg.Environment [main] HHH000406: Using bytecode reflection optimizer
2023-08-27 00:09:31,020 INFO org.hibernate.bytecode.internal.BytecodeProviderInitiator [main] HHH000021: Bytecode provider name : bytebuddy
2023-08-27 00:09:31,159 INFO com.zaxxer.hikari.HikariDataSource [main] HikariPool-1 - Starting...
2023-08-27 00:09:31,335 INFO com.zaxxer.hikari.pool.HikariPool [main] HikariPool-1 - Added connection org.postgresql.jdbc.PgConnection@5eabff6b
2023-08-27 00:09:31,337 INFO com.zaxxer.hikari.HikariDataSource [main] HikariPool-1 - Start completed.
2023-08-27 00:09:31,660 INFO org.hibernate.bytecode.internal.BytecodeProviderInitiator [main] HHH000021: Bytecode provider name : bytebuddy
2023-08-27 00:09:32,231 INFO org.hibernate.engine.transaction.jta.platform.internal.JtaPlatformInitiator [main] HHH000490: Using JtaPlatform implementation: [org.hibernate.engine.transaction.jta.platform.internal.NoJtaPlatform]
2023-08-27 00:09:33,458 INFO com.telegram.springPechenBot.SpringPechenBotApplication [main] Started SpringPechenBotApplication in 3.863 seconds (process running for 4.397)
2023-08-27 00:09:43,313 INFO com.telegram.springPechenBot.service.TelegramBotServiceImpl [SpringPechenBot Telegram Executor] Отправили ответ на start для пользователя Александр
2023-08-27 00:10:42,735 INFO com.zaxxer.hikari.HikariDataSource [SpringApplicationShutdownHook] HikariPool-1 - Shutdown initiated...
2023-08-27 00:10:42,738 INFO com.zaxxer.hikari.HikariDataSource [SpringApplicationShutdownHook] HikariPool-1 - Shutdown completed.
2023-08-27 00:10:49,926 INFO com.telegram.springPechenBot.SpringPechenBotApplication [main] Starting SpringPechenBotApplication using Java 20.0.2 with PID 13224 (C:\Users\6ak4a\IdeaProjects\springPechenBot\springPechenBot\target\classes started by 6ak4a in C:\Users\6ak4a\IdeaProjects\springPechenBot)
2023-08-27 00:10:49,927 INFO com.telegram.springPechenBot.SpringPechenBotApplication [main] No active profile set, falling back to 1 default profile: "default"
2023-08-27 00:10:50,723 INFO org.hibernate.jpa.internal.util.LogHelper [main] HHH000204: Processing PersistenceUnitInfo [name: default]
2023-08-27 00:10:50,764 INFO org.hibernate.Version [main] HHH000412: Hibernate ORM core version 6.2.6.Final
2023-08-27 00:10:50,766 INFO org.hibernate.cfg.Environment [main] HHH000406: Using bytecode reflection optimizer
2023-08-27 00:10:50,888 INFO org.hibernate.bytecode.internal.BytecodeProviderInitiator [main] HHH000021: Bytecode provider name : bytebuddy
2023-08-27 00:10:51,019 INFO com.zaxxer.hikari.HikariDataSource [main] HikariPool-1 - Starting...
2023-08-27 00:10:51,206 INFO com.zaxxer.hikari.pool.HikariPool [main] HikariPool-1 - Added connection org.postgresql.jdbc.PgConnection@3e377967
2023-08-27 00:10:51,215 INFO com.zaxxer.hikari.HikariDataSource [main] HikariPool-1 - Start completed.
2023-08-27 00:10:51,523 INFO org.hibernate.bytecode.internal.BytecodeProviderInitiator [main] HHH000021: Bytecode provider name : bytebuddy
2023-08-27 00:10:52,094 INFO org.hibernate.engine.transaction.jta.platform.internal.JtaPlatformInitiator [main] HHH000490: Using JtaPlatform implementation: [org.hibernate.engine.transaction.jta.platform.internal.NoJtaPlatform]
2023-08-27 00:10:53,366 INFO com.telegram.springPechenBot.SpringPechenBotApplication [main] Started SpringPechenBotApplication in 3.797 seconds (process running for 4.324)
2023-08-27 00:10:59,985 INFO com.telegram.springPechenBot.service.TelegramBotServiceImpl [SpringPechenBot Telegram Executor] Отправили ответ на start для пользователя Александр
2023-08-27 00:11:14,185 INFO com.zaxxer.hikari.HikariDataSource [SpringApplicationShutdownHook] HikariPool-1 - Shutdown initiated...
2023-08-27 00:11:14,188 INFO com.zaxxer.hikari.HikariDataSource [SpringApplicationShutdownHook] HikariPool-1 - Shutdown completed.
2023-08-27 00:11:39,649 INFO com.telegram.springPechenBot.SpringPechenBotApplication [main] Starting SpringPechenBotApplication using Java 20.0.2 with PID 2368 (C:\Users\6ak4a\IdeaProjects\springPechenBot\springPechenBot\target\classes started by 6ak4a in C:\Users\6ak4a\IdeaProjects\springPechenBot)
2023-08-27 00:11:39,651 INFO com.telegram.springPechenBot.SpringPechenBotApplication [main] No active profile set, falling back to 1 default profile: "default"
2023-08-27 00:11:40,468 INFO org.hibernate.jpa.internal.util.LogHelper [main] HHH000204: Processing PersistenceUnitInfo [name: default]
2023-08-27 00:11:40,499 INFO org.hibernate.Version [main] HHH000412: Hibernate ORM core version 6.2.6.Final
2023-08-27 00:11:40,514 INFO org.hibernate.cfg.Environment [main] HHH000406: Using bytecode reflection optimizer
2023-08-27 00:11:40,640 INFO org.hibernate.bytecode.internal.BytecodeProviderInitiator [main] HHH000021: Bytecode provider name : bytebuddy
2023-08-27 00:11:40,766 INFO com.zaxxer.hikari.HikariDataSource [main] HikariPool-1 - Starting...
2023-08-27 00:11:40,952 INFO com.zaxxer.hikari.pool.HikariPool [main] HikariPool-1 - Added connection org.postgresql.jdbc.PgConnection@3e377967
2023-08-27 00:11:40,955 INFO com.zaxxer.hikari.HikariDataSource [main] HikariPool-1 - Start completed.
2023-08-27 00:11:41,261 INFO org.hibernate.bytecode.internal.BytecodeProviderInitiator [main] HHH000021: Bytecode provider name : bytebuddy
2023-08-27 00:11:41,853 INFO org.hibernate.engine.transaction.jta.platform.internal.JtaPlatformInitiator [main] HHH000490: Using JtaPlatform implementation: [org.hibernate.engine.transaction.jta.platform.internal.NoJtaPlatform]
2023-08-27 00:11:43,053 INFO com.telegram.springPechenBot.SpringPechenBotApplication [main] Started SpringPechenBotApplication in 3.8 seconds (process running for 4.342)
2023-08-27 00:11:43,849 INFO com.telegram.springPechenBot.service.TelegramBotServiceImpl [SpringPechenBot Telegram Executor] Отправили ответ на pron для пользователя Александр
2023-08-27 00:11:51,450 INFO com.zaxxer.hikari.HikariDataSource [SpringApplicationShutdownHook] HikariPool-1 - Shutdown initiated...
2023-08-27 00:11:51,453 INFO com.zaxxer.hikari.HikariDataSource [SpringApplicationShutdownHook] HikariPool-1 - Shutdown completed.
2023-08-27 00:16:22,863 INFO com.telegram.springPechenBot.SpringPechenBotApplication [main] Starting SpringPechenBotApplication using Java 20.0.2 with PID 7532 (C:\Users\6ak4a\IdeaProjects\springPechenBot\springPechenBot\target\classes started by 6ak4a in C:\Users\6ak4a\IdeaProjects\springPechenBot)
2023-08-27 00:16:22,865 INFO com.telegram.springPechenBot.SpringPechenBotApplication [main] No active profile set, falling back to 1 default profile: "default"
2023-08-27 00:16:23,766 INFO org.hibernate.jpa.internal.util.LogHelper [main] HHH000204: Processing PersistenceUnitInfo [name: default]
2023-08-27 00:16:23,817 INFO org.hibernate.Version [main] HHH000412: Hibernate ORM core version 6.2.6.Final
2023-08-27 00:16:23,820 INFO org.hibernate.cfg.Environment [main] HHH000406: Using bytecode reflection optimizer
2023-08-27 00:16:23,964 INFO org.hibernate.bytecode.internal.BytecodeProviderInitiator [main] HHH000021: Bytecode provider name : bytebuddy
2023-08-27 00:16:24,118 INFO com.zaxxer.hikari.HikariDataSource [main] HikariPool-1 - Starting...
2023-08-27 00:16:24,305 INFO com.zaxxer.hikari.pool.HikariPool [main] HikariPool-1 - Added connection org.postgresql.jdbc.PgConnection@3e377967
2023-08-27 00:16:24,306 INFO com.zaxxer.hikari.HikariDataSource [main] HikariPool-1 - Start completed.
2023-08-27 00:16:24,629 INFO org.hibernate.bytecode.internal.BytecodeProviderInitiator [main] HHH000021: Bytecode provider name : bytebuddy
2023-08-27 00:16:25,209 INFO org.hibernate.engine.transaction.jta.platform.internal.JtaPlatformInitiator [main] HHH000490: Using JtaPlatform implementation: [org.hibernate.engine.transaction.jta.platform.internal.NoJtaPlatform]
2023-08-27 00:16:26,432 INFO com.telegram.springPechenBot.SpringPechenBotApplication [main] Started SpringPechenBotApplication in 3.956 seconds (process running for 4.497)
2023-08-27 00:16:31,829 INFO com.telegram.springPechenBot.service.TelegramBotServiceImpl [SpringPechenBot Telegram Executor] Отправили ответ на start для пользователя Александр
2023-08-27 00:16:38,841 INFO com.zaxxer.hikari.HikariDataSource [SpringApplicationShutdownHook] HikariPool-1 - Shutdown initiated...
2023-08-27 00:16:38,857 INFO com.zaxxer.hikari.HikariDataSource [SpringApplicationShutdownHook] HikariPool-1 - Shutdown completed.
2023-08-27 00:19:01,034 INFO com.telegram.springPechenBot.SpringPechenBotApplication [main] Starting SpringPechenBotApplication using Java 20.0.2 with PID 384 (C:\Users\6ak4a\IdeaProjects\springPechenBot\springPechenBot\target\classes started by 6ak4a in C:\Users\6ak4a\IdeaProjects\springPechenBot)
2023-08-27 00:19:01,035 INFO com.telegram.springPechenBot.SpringPechenBotApplication [main] No active profile set, falling back to 1 default profile: "default"
2023-08-27 00:19:01,915 INFO org.hibernate.jpa.internal.util.LogHelper [main] HHH000204: Processing PersistenceUnitInfo [name: default]
2023-08-27 00:19:01,955 INFO org.hibernate.Version [main] HHH000412: Hibernate ORM core version 6.2.6.Final
2023-08-27 00:19:01,958 INFO org.hibernate.cfg.Environment [main] HHH000406: Using bytecode reflection optimizer
2023-08-27 00:19:02,115 INFO org.hibernate.bytecode.internal.BytecodeProviderInitiator [main] HHH000021: Bytecode provider name : bytebuddy
2023-08-27 00:19:02,286 INFO com.zaxxer.hikari.HikariDataSource [main] HikariPool-1 - Starting...
2023-08-27 00:19:02,504 INFO com.zaxxer.hikari.pool.HikariPool [main] HikariPool-1 - Added connection org.postgresql.jdbc.PgConnection@4dadd690
2023-08-27 00:19:02,506 INFO com.zaxxer.hikari.HikariDataSource [main] HikariPool-1 - Start completed.
2023-08-27 00:19:02,889 INFO org.hibernate.bytecode.internal.BytecodeProviderInitiator [main] HHH000021: Bytecode provider name : bytebuddy
2023-08-27 00:19:03,544 INFO org.hibernate.engine.transaction.jta.platform.internal.JtaPlatformInitiator [main] HHH000490: Using JtaPlatform implementation: [org.hibernate.engine.transaction.jta.platform.internal.NoJtaPlatform]
2023-08-27 00:19:04,841 INFO com.telegram.springPechenBot.SpringPechenBotApplication [main] Started SpringPechenBotApplication in 4.189 seconds (process running for 4.732)
2023-08-27 00:19:07,996 INFO com.telegram.springPechenBot.service.TelegramBotServiceImpl [SpringPechenBot Telegram Executor] Отправили ответ на pron для пользователя Александр
2023-08-27 00:21:06,572 INFO com.zaxxer.hikari.HikariDataSource [SpringApplicationShutdownHook] HikariPool-1 - Shutdown initiated...
2023-08-27 00:21:06,578 INFO com.zaxxer.hikari.HikariDataSource [SpringApplicationShutdownHook] HikariPool-1 - Shutdown completed.
2023-08-27 00:21:10,996 INFO com.telegram.springPechenBot.SpringPechenBotApplication [main] Starting SpringPechenBotApplication using Java 20.0.2 with PID 6008 (C:\Users\6ak4a\IdeaProjects\springPechenBot\springPechenBot\target\classes started by 6ak4a in C:\Users\6ak4a\IdeaProjects\springPechenBot)
2023-08-27 00:21:10,998 INFO com.telegram.springPechenBot.SpringPechenBotApplication [main] No active profile set, falling back to 1 default profile: "default"
2023-08-27 00:21:11,811 INFO org.hibernate.jpa.internal.util.LogHelper [main] HHH000204: Processing PersistenceUnitInfo [name: default]
2023-08-27 00:21:11,852 INFO org.hibernate.Version [main] HHH000412: Hibernate ORM core version 6.2.6.Final
2023-08-27 00:21:11,854 INFO org.hibernate.cfg.Environment [main] HHH000406: Using bytecode reflection optimizer
2023-08-27 00:21:11,980 INFO org.hibernate.bytecode.internal.BytecodeProviderInitiator [main] HHH000021: Bytecode provider name : bytebuddy
2023-08-27 00:21:12,112 INFO com.zaxxer.hikari.HikariDataSource [main] HikariPool-1 - Starting...
2023-08-27 00:21:12,296 INFO com.zaxxer.hikari.pool.HikariPool [main] HikariPool-1 - Added connection org.postgresql.jdbc.PgConnection@43ecfeb5
2023-08-27 00:21:12,305 INFO com.zaxxer.hikari.HikariDataSource [main] HikariPool-1 - Start completed.
2023-08-27 00:21:12,622 INFO org.hibernate.bytecode.internal.BytecodeProviderInitiator [main] HHH000021: Bytecode provider name : bytebuddy
2023-08-27 00:21:13,184 INFO org.hibernate.engine.transaction.jta.platform.internal.JtaPlatformInitiator [main] HHH000490: Using JtaPlatform implementation: [org.hibernate.engine.transaction.jta.platform.internal.NoJtaPlatform]
2023-08-27 00:21:14,411 INFO com.telegram.springPechenBot.SpringPechenBotApplication [main] Started SpringPechenBotApplication in 3.787 seconds (process running for 4.315)
2023-08-27 00:21:28,831 INFO com.telegram.springPechenBot.service.TelegramBotServiceImpl [SpringPechenBot Telegram Executor] Отправили ответ на start для пользователя Александр
2023-08-27 00:21:34,053 INFO com.telegram.springPechenBot.service.TelegramBotServiceImpl [SpringPechenBot Telegram Executor] Отправили ответ на pron для пользователя Александр
2023-08-27 00:23:36,883 INFO com.zaxxer.hikari.HikariDataSource [SpringApplicationShutdownHook] HikariPool-1 - Shutdown initiated...
2023-08-27 00:23:36,890 INFO com.zaxxer.hikari.HikariDataSource [SpringApplicationShutdownHook] HikariPool-1 - Shutdown completed.
2023-08-27 00:23:39,102 INFO com.telegram.springPechenBot.SpringPechenBotApplication [main] Starting SpringPechenBotApplication using Java 20.0.2 with PID 2812 (C:\Users\6ak4a\IdeaProjects\springPechenBot\springPechenBot\target\classes started by 6ak4a in C:\Users\6ak4a\IdeaProjects\springPechenBot)
2023-08-27 00:23:39,103 INFO com.telegram.springPechenBot.SpringPechenBotApplication [main] No active profile set, falling back to 1 default profile: "default"
2023-08-27 00:23:39,954 INFO org.hibernate.jpa.internal.util.LogHelper [main] HHH000204: Processing PersistenceUnitInfo [name: default]
2023-08-27 00:23:39,999 INFO org.hibernate.Version [main] HHH000412: Hibernate ORM core version 6.2.6.Final
2023-08-27 00:23:40,002 INFO org.hibernate.cfg.Environment [main] HHH000406: Using bytecode reflection optimizer
2023-08-27 00:23:40,118 INFO org.hibernate.bytecode.internal.BytecodeProviderInitiator [main] HHH000021: Bytecode provider name : bytebuddy
2023-08-27 00:23:40,283 INFO com.zaxxer.hikari.HikariDataSource [main] HikariPool-1 - Starting...
2023-08-27 00:23:40,475 INFO com.zaxxer.hikari.pool.HikariPool [main] HikariPool-1 - Added connection org.postgresql.jdbc.PgConnection@746c411c
2023-08-27 00:23:40,477 INFO com.zaxxer.hikari.HikariDataSource [main] HikariPool-1 - Start completed.
2023-08-27 00:23:40,804 INFO org.hibernate.bytecode.internal.BytecodeProviderInitiator [main] HHH000021: Bytecode provider name : bytebuddy
2023-08-27 00:23:41,365 INFO org.hibernate.engine.transaction.jta.platform.internal.JtaPlatformInitiator [main] HHH000490: Using JtaPlatform implementation: [org.hibernate.engine.transaction.jta.platform.internal.NoJtaPlatform]
2023-08-27 00:23:42,567 INFO com.telegram.springPechenBot.SpringPechenBotApplication [main] Started SpringPechenBotApplication in 3.84 seconds (process running for 4.428)
2023-08-27 00:26:29,630 INFO com.zaxxer.hikari.HikariDataSource [SpringApplicationShutdownHook] HikariPool-1 - Shutdown initiated...
2023-08-27 00:26:29,636 INFO com.zaxxer.hikari.HikariDataSource [SpringApplicationShutdownHook] HikariPool-1 - Shutdown completed.
2023-08-27 00:26:34,164 INFO com.telegram.springPechenBot.SpringPechenBotApplication [main] Starting SpringPechenBotApplication using Java 20.0.2 with PID 9668 (C:\Users\6ak4a\IdeaProjects\springPechenBot\springPechenBot\target\classes started by 6ak4a in C:\Users\6ak4a\IdeaProjects\springPechenBot)
2023-08-27 00:26:34,165 INFO com.telegram.springPechenBot.SpringPechenBotApplication [main] No active profile set, falling back to 1 default profile: "default"
2023-08-27 00:26:34,961 INFO org.hibernate.jpa.internal.util.LogHelper [main] HHH000204: Processing PersistenceUnitInfo [name: default]
2023-08-27 00:26:35,002 INFO org.hibernate.Version [main] HHH000412: Hibernate ORM core version 6.2.6.Final
2023-08-27 00:26:35,004 INFO org.hibernate.cfg.Environment [main] HHH000406: Using bytecode reflection optimizer
2023-08-27 00:26:35,148 INFO org.hibernate.bytecode.internal.BytecodeProviderInitiator [main] HHH000021: Bytecode provider name : bytebuddy
2023-08-27 00:26:35,287 INFO com.zaxxer.hikari.HikariDataSource [main] HikariPool-1 - Starting...
2023-08-27 00:26:35,464 INFO com.zaxxer.hikari.pool.HikariPool [main] HikariPool-1 - Added connection org.postgresql.jdbc.PgConnection@f557c37
2023-08-27 00:26:35,466 INFO com.zaxxer.hikari.HikariDataSource [main] HikariPool-1 - Start completed.
2023-08-27 00:26:35,780 INFO org.hibernate.bytecode.internal.BytecodeProviderInitiator [main] HHH000021: Bytecode provider name : bytebuddy
2023-08-27 00:26:36,371 INFO org.hibernate.engine.transaction.jta.platform.internal.JtaPlatformInitiator [main] HHH000490: Using JtaPlatform implementation: [org.hibernate.engine.transaction.jta.platform.internal.NoJtaPlatform]
2023-08-27 00:26:37,522 INFO com.telegram.springPechenBot.SpringPechenBotApplication [main] Started SpringPechenBotApplication in 3.741 seconds (process running for 4.281)
2023-08-27 00:26:50,784 INFO com.telegram.springPechenBot.service.TelegramBotServiceImpl [SpringPechenBot Telegram Executor] Отправили ответ на pron для пользователя Александр
2023-08-27 00:31:07,595 INFO com.zaxxer.hikari.HikariDataSource [SpringApplicationShutdownHook] HikariPool-1 - Shutdown initiated...
2023-08-27 00:31:07,595 INFO com.zaxxer.hikari.HikariDataSource [SpringApplicationShutdownHook] HikariPool-1 - Shutdown completed.
2023-08-27 00:33:29,661 INFO com.telegram.springPechenBot.SpringPechenBotApplication [main] Starting SpringPechenBotApplication using Java 20.0.2 with PID 3980 (C:\Users\6ak4a\IdeaProjects\springPechenBot\springPechenBot\target\classes started by 6ak4a in C:\Users\6ak4a\IdeaProjects\springPechenBot)
2023-08-27 00:33:29,663 INFO com.telegram.springPechenBot.SpringPechenBotApplication [main] No active profile set, falling back to 1 default profile: "default"
2023-08-27 00:33:30,682 INFO org.hibernate.jpa.internal.util.LogHelper [main] HHH000204: Processing PersistenceUnitInfo [name: default]
2023-08-27 00:33:30,754 INFO org.hibernate.Version [main] HHH000412: Hibernate ORM core version 6.2.6.Final
2023-08-27 00:33:30,757 INFO org.hibernate.cfg.Environment [main] HHH000406: Using bytecode reflection optimizer
2023-08-27 00:33:30,909 INFO org.hibernate.bytecode.internal.BytecodeProviderInitiator [main] HHH000021: Bytecode provider name : bytebuddy
2023-08-27 00:33:31,062 INFO com.zaxxer.hikari.HikariDataSource [main] HikariPool-1 - Starting...
2023-08-27 00:33:31,345 INFO com.zaxxer.hikari.pool.HikariPool [main] HikariPool-1 - Added connection org.postgresql.jdbc.PgConnection@5856dbe4
2023-08-27 00:33:31,347 INFO com.zaxxer.hikari.HikariDataSource [main] HikariPool-1 - Start completed.
2023-08-27 00:33:31,672 INFO org.hibernate.bytecode.internal.BytecodeProviderInitiator [main] HHH000021: Bytecode provider name : bytebuddy
2023-08-27 00:33:32,232 INFO org.hibernate.engine.transaction.jta.platform.internal.JtaPlatformInitiator [main] HHH000490: Using JtaPlatform implementation: [org.hibernate.engine.transaction.jta.platform.internal.NoJtaPlatform]
2023-08-27 00:33:33,412 INFO com.telegram.springPechenBot.SpringPechenBotApplication [main] Started SpringPechenBotApplication in 4.745 seconds (process running for 5.431)
2023-08-27 00:33:37,132 INFO com.telegram.springPechenBot.service.TelegramBotServiceImpl [SpringPechenBot Telegram Executor] Отправили ответ на start для пользователя SIBERIAN PSYCHO
2023-08-27 00:33:37,531 INFO com.telegram.springPechenBot.service.TelegramBotServiceImpl [SpringPechenBot Telegram Executor] Saving user: User{chatId=351857433, firstName='SIBERIAN PSYCHO', lastName='null', userName='FRUITstration'}
2023-08-27 00:33:40,974 INFO com.telegram.springPechenBot.service.TelegramBotServiceImpl [SpringPechenBot Telegram Executor] Отправили ответ на start для пользователя SIBERIAN PSYCHO
2023-08-27 00:33:42,333 INFO com.telegram.springPechenBot.service.TelegramBotServiceImpl [SpringPechenBot Telegram Executor] Отправили ответ на pron для пользователя SIBERIAN PSYCHO
2023-08-27 00:33:45,674 INFO com.telegram.springPechenBot.service.TelegramBotServiceImpl [SpringPechenBot Telegram Executor] Отправили ответ на start для пользователя SIBERIAN PSYCHO
2023-08-27 00:33:55,195 INFO com.telegram.springPechenBot.service.TelegramBotServiceImpl [SpringPechenBot Telegram Executor] Отправили ответ на pron для пользователя SIBERIAN PSYCHO
2023-08-27 00:38:19,849 INFO com.zaxxer.hikari.HikariDataSource [SpringApplicationShutdownHook] HikariPool-1 - Shutdown initiated...
2023-08-27 00:38:19,858 INFO com.zaxxer.hikari.HikariDataSource [SpringApplicationShutdownHook] HikariPool-1 - Shutdown completed.
2023-08-27 17:40:08,224 INFO com.telegram.springPechenBot.SpringPechenBotApplication [main] Starting SpringPechenBotApplication using Java 20.0.2 with PID 4056 (C:\Users\6ak4a\IdeaProjects\springPechenBot\springPechenBot\target\classes started by 6ak4a in C:\Users\6ak4a\IdeaProjects\springPechenBot)
2023-08-27 17:40:08,226 INFO com.telegram.springPechenBot.SpringPechenBotApplication [main] No active profile set, falling back to 1 default profile: "default"
2023-08-27 17:40:09,209 INFO org.hibernate.jpa.internal.util.LogHelper [main] HHH000204: Processing PersistenceUnitInfo [name: default]
2023-08-27 17:40:09,283 INFO org.hibernate.Version [main] HHH000412: Hibernate ORM core version 6.2.6.Final
2023-08-27 17:40:09,285 INFO org.hibernate.cfg.Environment [main] HHH000406: Using bytecode reflection optimizer
2023-08-27 17:40:09,484 INFO org.hibernate.bytecode.internal.BytecodeProviderInitiator [main] HHH000021: Bytecode provider name : bytebuddy
2023-08-27 17:40:09,703 INFO com.zaxxer.hikari.HikariDataSource [main] HikariPool-1 - Starting...
2023-08-27 17:40:09,947 INFO com.zaxxer.hikari.pool.HikariPool [main] HikariPool-1 - Added connection org.postgresql.jdbc.PgConnection@45e6d1e0
2023-08-27 17:40:09,948 INFO com.zaxxer.hikari.HikariDataSource [main] HikariPool-1 - Start completed.
2023-08-27 17:40:10,400 INFO org.hibernate.bytecode.internal.BytecodeProviderInitiator [main] HHH000021: Bytecode provider name : bytebuddy
2023-08-27 17:40:11,146 INFO org.hibernate.engine.transaction.jta.platform.internal.JtaPlatformInitiator [main] HHH000490: Using JtaPlatform implementation: [org.hibernate.engine.transaction.jta.platform.internal.NoJtaPlatform]
2023-08-27 17:40:12,728 INFO com.telegram.springPechenBot.SpringPechenBotApplication [main] Started SpringPechenBotApplication in 4.984 seconds (process running for 5.817)
2023-08-27 17:40:16,558 INFO com.telegram.springPechenBot.service.TelegramBotServiceImpl [SpringPechenBot Telegram Executor] Отправили ответ на start для пользователя Александр
2023-08-27 17:40:18,135 INFO com.telegram.springPechenBot.service.TelegramBotServiceImpl [SpringPechenBot Telegram Executor] Отправили ответ на pron для пользователя Александр
2023-08-27 17:40:21,470 INFO com.telegram.springPechenBot.service.TelegramBotServiceImpl [SpringPechenBot Telegram Executor] Отправили ответ на start для пользователя Александр
2023-08-27 17:40:24,819 INFO com.telegram.springPechenBot.service.TelegramBotServiceImpl [SpringPechenBot Telegram Executor] Отправили ответ на start для пользователя Александр
2023-08-27 17:40:24,869 INFO com.telegram.springPechenBot.service.TelegramBotServiceImpl [SpringPechenBot Telegram Executor] Saving user: User{chatId=5041286695, firstName='Александр', lastName='Печёнкин', userName='PechenkinAlexandr'}
2023-08-27 17:42:33,139 INFO com.zaxxer.hikari.HikariDataSource [SpringApplicationShutdownHook] HikariPool-1 - Shutdown initiated...
2023-08-27 17:42:33,144 INFO com.zaxxer.hikari.HikariDataSource [SpringApplicationShutdownHook] HikariPool-1 - Shutdown completed.
2023-08-27 21:28:40,910 INFO com.telegram.springPechenBot.SpringPechenBotApplication [main] Starting SpringPechenBotApplication using Java 20.0.2 with PID 15200 (C:\Users\6ak4a\IdeaProjects\springPechenBot\springPechenBot\target\classes started by 6ak4a in C:\Users\6ak4a\IdeaProjects\springPechenBot)
2023-08-27 21:28:40,912 INFO com.telegram.springPechenBot.SpringPechenBotApplication [main] No active profile set, falling back to 1 default profile: "default"
2023-08-27 21:28:41,856 INFO org.hibernate.jpa.internal.util.LogHelper [main] HHH000204: Processing PersistenceUnitInfo [name: default]
2023-08-27 21:28:41,944 INFO org.hibernate.Version [main] HHH000412: Hibernate ORM core version 6.2.6.Final
2023-08-27 21:28:41,948 INFO org.hibernate.cfg.Environment [main] HHH000406: Using bytecode reflection optimizer
2023-08-27 21:28:42,150 INFO org.hibernate.bytecode.internal.BytecodeProviderInitiator [main] HHH000021: Bytecode provider name : bytebuddy
2023-08-27 21:28:42,323 INFO com.zaxxer.hikari.HikariDataSource [main] HikariPool-1 - Starting...
2023-08-27 21:28:42,555 INFO com.zaxxer.hikari.pool.HikariPool [main] HikariPool-1 - Added connection org.postgresql.jdbc.PgConnection@3e377967
2023-08-27 21:28:42,557 INFO com.zaxxer.hikari.HikariDataSource [main] HikariPool-1 - Start completed.
2023-08-27 21:28:42,970 INFO org.hibernate.bytecode.internal.BytecodeProviderInitiator [main] HHH000021: Bytecode provider name : bytebuddy
2023-08-27 21:28:43,624 INFO org.hibernate.engine.transaction.jta.platform.internal.JtaPlatformInitiator [main] HHH000490: Using JtaPlatform implementation: [org.hibernate.engine.transaction.jta.platform.internal.NoJtaPlatform]
2023-08-27 21:28:45,095 INFO com.telegram.springPechenBot.SpringPechenBotApplication [main] Started SpringPechenBotApplication in 4.643 seconds (process running for 5.367)
2023-08-27 21:28:47,874 INFO com.telegram.springPechenBot.service.TelegramBotServiceImpl [SpringPechenBot Telegram Executor] Отправили ответ на start для пользователя Александр
2023-08-27 21:29:37,966 INFO com.zaxxer.hikari.HikariDataSource [SpringApplicationShutdownHook] HikariPool-1 - Shutdown initiated...
2023-08-27 21:29:37,975 INFO com.zaxxer.hikari.HikariDataSource [SpringApplicationShutdownHook] HikariPool-1 - Shutdown completed.
2023-08-27 21:29:41,970 INFO com.telegram.springPechenBot.SpringPechenBotApplication [main] Starting SpringPechenBotApplication using Java 20.0.2 with PID 2688 (C:\Users\6ak4a\IdeaProjects\springPechenBot\springPechenBot\target\classes started by 6ak4a in C:\Users\6ak4a\IdeaProjects\springPechenBot)
2023-08-27 21:29:41,972 INFO com.telegram.springPechenBot.SpringPechenBotApplication [main] No active profile set, falling back to 1 default profile: "default"
2023-08-27 21:29:42,798 INFO org.hibernate.jpa.internal.util.LogHelper [main] HHH000204: Processing PersistenceUnitInfo [name: default]
2023-08-27 21:29:42,842 INFO org.hibernate.Version [main] HHH000412: Hibernate ORM core version 6.2.6.Final
2023-08-27 21:29:42,844 INFO org.hibernate.cfg.Environment [main] HHH000406: Using bytecode reflection optimizer
2023-08-27 21:29:42,973 INFO org.hibernate.bytecode.internal.BytecodeProviderInitiator [main] HHH000021: Bytecode provider name : bytebuddy
2023-08-27 21:29:43,130 INFO com.zaxxer.hikari.HikariDataSource [main] HikariPool-1 - Starting...
2023-08-27 21:29:43,325 INFO com.zaxxer.hikari.pool.HikariPool [main] HikariPool-1 - Added connection org.postgresql.jdbc.PgConnection@377874b4
2023-08-27 21:29:43,326 INFO com.zaxxer.hikari.HikariDataSource [main] HikariPool-1 - Start completed.
2023-08-27 21:29:43,673 INFO org.hibernate.bytecode.internal.BytecodeProviderInitiator [main] HHH000021: Bytecode provider name : bytebuddy
2023-08-27 21:29:44,239 INFO org.hibernate.engine.transaction.jta.platform.internal.JtaPlatformInitiator [main] HHH000490: Using JtaPlatform implementation: [org.hibernate.engine.transaction.jta.platform.internal.NoJtaPlatform]
2023-08-27 21:29:45,399 INFO com.telegram.springPechenBot.SpringPechenBotApplication [main] Started SpringPechenBotApplication in 3.81 seconds (process running for 4.34)
2023-08-27 21:29:57,015 INFO com.telegram.springPechenBot.service.TelegramBotServiceImpl [SpringPechenBot Telegram Executor] Отправили ответ на pron для пользователя Александр
2023-08-27 21:30:00,934 INFO com.telegram.springPechenBot.service.TelegramBotServiceImpl [SpringPechenBot Telegram Executor] Отправили ответ на start для пользователя Александр
2023-08-27 21:30:50,281 INFO com.zaxxer.hikari.HikariDataSource [SpringApplicationShutdownHook] HikariPool-1 - Shutdown initiated...
2023-08-27 21:30:50,288 INFO com.zaxxer.hikari.HikariDataSource [SpringApplicationShutdownHook] HikariPool-1 - Shutdown completed.
2023-08-27 21:30:54,258 INFO com.telegram.springPechenBot.SpringPechenBotApplication [main] Starting SpringPechenBotApplication using Java 20.0.2 with PID 8780 (C:\Users\6ak4a\IdeaProjects\springPechenBot\springPechenBot\target\classes started by 6ak4a in C:\Users\6ak4a\IdeaProjects\springPechenBot)
2023-08-27 21:30:54,260 INFO com.telegram.springPechenBot.SpringPechenBotApplication [main] No active profile set, falling back to 1 default profile: "default"
2023-08-27 21:30:55,089 INFO org.hibernate.jpa.internal.util.LogHelper [main] HHH000204: Processing PersistenceUnitInfo [name: default]
2023-08-27 21:30:55,135 INFO org.hibernate.Version [main] HHH000412: Hibernate ORM core version 6.2.6.Final
2023-08-27 21:30:55,137 INFO org.hibernate.cfg.Environment [main] HHH000406: Using bytecode reflection optimizer
2023-08-27 21:30:55,277 INFO org.hibernate.bytecode.internal.BytecodeProviderInitiator [main] HHH000021: Bytecode provider name : bytebuddy
2023-08-27 21:30:55,417 INFO com.zaxxer.hikari.HikariDataSource [main] HikariPool-1 - Starting...
2023-08-27 21:30:55,606 INFO com.zaxxer.hikari.pool.HikariPool [main] HikariPool-1 - Added connection org.postgresql.jdbc.PgConnection@4da1f38a
2023-08-27 21:30:55,607 INFO com.zaxxer.hikari.HikariDataSource [main] HikariPool-1 - Start completed.
2023-08-27 21:30:55,940 INFO org.hibernate.bytecode.internal.BytecodeProviderInitiator [main] HHH000021: Bytecode provider name : bytebuddy
2023-08-27 21:30:56,505 INFO org.hibernate.engine.transaction.jta.platform.internal.JtaPlatformInitiator [main] HHH000490: Using JtaPlatform implementation: [org.hibernate.engine.transaction.jta.platform.internal.NoJtaPlatform]
2023-08-27 21:30:57,757 INFO com.telegram.springPechenBot.SpringPechenBotApplication [main] Started SpringPechenBotApplication in 3.881 seconds (process running for 4.411)
2023-08-27 21:31:02,484 INFO com.telegram.springPechenBot.service.TelegramBotServiceImpl [SpringPechenBot Telegram Executor] Отправили ответ на pron для пользователя Александр
2023-08-27 21:31:33,181 INFO com.telegram.springPechenBot.service.TelegramBotServiceImpl [SpringPechenBot Telegram Executor] Отправили ответ на pron для пользователя Александр
2023-08-27 21:31:53,996 INFO com.zaxxer.hikari.HikariDataSource [SpringApplicationShutdownHook] HikariPool-1 - Shutdown initiated...
2023-08-27 21:31:54,002 INFO com.zaxxer.hikari.HikariDataSource [SpringApplicationShutdownHook] HikariPool-1 - Shutdown completed.
2023-08-27 21:31:57,947 INFO com.telegram.springPechenBot.SpringPechenBotApplication [main] Starting SpringPechenBotApplication using Java 20.0.2 with PID 2068 (C:\Users\6ak4a\IdeaProjects\springPechenBot\springPechenBot\target\classes started by 6ak4a in C:\Users\6ak4a\IdeaProjects\springPechenBot)
2023-08-27 21:31:57,948 INFO com.telegram.springPechenBot.SpringPechenBotApplication [main] No active profile set, falling back to 1 default profile: "default"
2023-08-27 21:31:58,772 INFO org.hibernate.jpa.internal.util.LogHelper [main] HHH000204: Processing PersistenceUnitInfo [name: default]
2023-08-27 21:31:58,815 INFO org.hibernate.Version [main] HHH000412: Hibernate ORM core version 6.2.6.Final
2023-08-27 21:31:58,817 INFO org.hibernate.cfg.Environment [main] HHH000406: Using bytecode reflection optimizer
2023-08-27 21:31:58,948 INFO org.hibernate.bytecode.internal.BytecodeProviderInitiator [main] HHH000021: Bytecode provider name : bytebuddy
2023-08-27 21:31:59,085 INFO com.zaxxer.hikari.HikariDataSource [main] HikariPool-1 - Starting...
2023-08-27 21:31:59,272 INFO com.zaxxer.hikari.pool.HikariPool [main] HikariPool-1 - Added connection org.postgresql.jdbc.PgConnection@51efb731
2023-08-27 21:31:59,273 INFO com.zaxxer.hikari.HikariDataSource [main] HikariPool-1 - Start completed.
2023-08-27 21:31:59,595 INFO org.hibernate.bytecode.internal.BytecodeProviderInitiator [main] HHH000021: Bytecode provider name : bytebuddy
2023-08-27 21:32:00,184 INFO org.hibernate.engine.transaction.jta.platform.internal.JtaPlatformInitiator [main] HHH000490: Using JtaPlatform implementation: [org.hibernate.engine.transaction.jta.platform.internal.NoJtaPlatform]
2023-08-27 21:32:01,355 INFO com.telegram.springPechenBot.SpringPechenBotApplication [main] Started SpringPechenBotApplication in 3.785 seconds (process running for 4.32)
2023-08-27 21:32:07,571 INFO com.telegram.springPechenBot.service.TelegramBotServiceImpl [SpringPechenBot Telegram Executor] Отправили ответ на start для пользователя Александр
2023-08-27 21:32:12,638 INFO com.telegram.springPechenBot.service.TelegramBotServiceImpl [SpringPechenBot Telegram Executor] Отправили ответ на pron для пользователя Александр
2023-08-27 21:32:50,632 INFO com.zaxxer.hikari.HikariDataSource [SpringApplicationShutdownHook] HikariPool-1 - Shutdown initiated...
2023-08-27 21:32:50,639 INFO com.zaxxer.hikari.HikariDataSource [SpringApplicationShutdownHook] HikariPool-1 - Shutdown completed.
2023-08-27 21:32:54,666 INFO com.telegram.springPechenBot.SpringPechenBotApplication [main] Starting SpringPechenBotApplication using Java 20.0.2 with PID 10588 (C:\Users\6ak4a\IdeaProjects\springPechenBot\springPechenBot\target\classes started by 6ak4a in C:\Users\6ak4a\IdeaProjects\springPechenBot)
2023-08-27 21:32:54,667 INFO com.telegram.springPechenBot.SpringPechenBotApplication [main] No active profile set, falling back to 1 default profile: "default"
2023-08-27 21:32:55,453 INFO org.hibernate.jpa.internal.util.LogHelper [main] HHH000204: Processing PersistenceUnitInfo [name: default]
2023-08-27 21:32:55,494 INFO org.hibernate.Version [main] HHH000412: Hibernate ORM core version 6.2.6.Final
2023-08-27 21:32:55,496 INFO org.hibernate.cfg.Environment [main] HHH000406: Using bytecode reflection optimizer
2023-08-27 21:32:55,618 INFO org.hibernate.bytecode.internal.BytecodeProviderInitiator [main] HHH000021: Bytecode provider name : bytebuddy
2023-08-27 21:32:55,764 INFO com.zaxxer.hikari.HikariDataSource [main] HikariPool-1 - Starting...
2023-08-27 21:32:55,944 INFO com.zaxxer.hikari.pool.HikariPool [main] HikariPool-1 - Added connection org.postgresql.jdbc.PgConnection@14422d9d
2023-08-27 21:32:55,946 INFO com.zaxxer.hikari.HikariDataSource [main] HikariPool-1 - Start completed.
2023-08-27 21:32:56,256 INFO org.hibernate.bytecode.internal.BytecodeProviderInitiator [main] HHH000021: Bytecode provider name : bytebuddy
2023-08-27 21:32:56,827 INFO org.hibernate.engine.transaction.jta.platform.internal.JtaPlatformInitiator [main] HHH000490: Using JtaPlatform implementation: [org.hibernate.engine.transaction.jta.platform.internal.NoJtaPlatform]
2023-08-27 21:32:57,988 INFO com.telegram.springPechenBot.SpringPechenBotApplication [main] Started SpringPechenBotApplication in 3.694 seconds (process running for 4.223)
2023-08-27 21:33:00,465 INFO com.telegram.springPechenBot.service.TelegramBotServiceImpl [SpringPechenBot Telegram Executor] Отправили ответ на pron для пользователя Александр
2023-08-27 21:33:07,889 INFO com.telegram.springPechenBot.service.TelegramBotServiceImpl [SpringPechenBot Telegram Executor] Отправили ответ на start для пользователя Александр
2023-08-27 21:36:48,178 INFO com.telegram.springPechenBot.service.TelegramBotServiceImpl [SpringPechenBot Telegram Executor] Отправили ответ на start для пользователя Александр
2023-08-27 21:36:53,554 INFO com.telegram.springPechenBot.service.TelegramBotServiceImpl [SpringPechenBot Telegram Executor] Отправили ответ на pron для пользователя Александр
2023-08-27 21:40:05,249 INFO com.zaxxer.hikari.HikariDataSource [SpringApplicationShutdownHook] HikariPool-1 - Shutdown initiated...
2023-08-27 21:40:05,256 INFO com.zaxxer.hikari.HikariDataSource [SpringApplicationShutdownHook] HikariPool-1 - Shutdown completed.
2023-08-27 21:40:09,467 INFO com.telegram.springPechenBot.SpringPechenBotApplication [main] Starting SpringPechenBotApplication using Java 20.0.2 with PID 13536 (C:\Users\6ak4a\IdeaProjects\springPechenBot\springPechenBot\target\classes started by 6ak4a in C:\Users\6ak4a\IdeaProjects\springPechenBot)
2023-08-27 21:40:09,469 INFO com.telegram.springPechenBot.SpringPechenBotApplication [main] No active profile set, falling back to 1 default profile: "default"
2023-08-27 21:40:10,295 INFO org.hibernate.jpa.internal.util.LogHelper [main] HHH000204: Processing PersistenceUnitInfo [name: default]
2023-08-27 21:40:10,338 INFO org.hibernate.Version [main] HHH000412: Hibernate ORM core version 6.2.6.Final
2023-08-27 21:40:10,340 INFO org.hibernate.cfg.Environment [main] HHH000406: Using bytecode reflection optimizer
2023-08-27 21:40:10,473 INFO org.hibernate.bytecode.internal.BytecodeProviderInitiator [main] HHH000021: Bytecode provider name : bytebuddy
2023-08-27 21:40:10,621 INFO com.zaxxer.hikari.HikariDataSource [main] HikariPool-1 - Starting...
2023-08-27 21:40:10,805 INFO com.zaxxer.hikari.pool.HikariPool [main] HikariPool-1 - Added connection org.postgresql.jdbc.PgConnection@7061622
2023-08-27 21:40:10,806 INFO com.zaxxer.hikari.HikariDataSource [main] HikariPool-1 - Start completed.
2023-08-27 21:40:11,140 INFO org.hibernate.bytecode.internal.BytecodeProviderInitiator [main] HHH000021: Bytecode provider name : bytebuddy
2023-08-27 21:40:11,773 INFO org.hibernate.engine.transaction.jta.platform.internal.JtaPlatformInitiator [main] HHH000490: Using JtaPlatform implementation: [org.hibernate.engine.transaction.jta.platform.internal.NoJtaPlatform]
2023-08-27 21:40:12,983 INFO com.telegram.springPechenBot.SpringPechenBotApplication [main] Started SpringPechenBotApplication in 3.892 seconds (process running for 4.422)
2023-08-27 21:40:38,921 INFO com.telegram.springPechenBot.service.TelegramBotServiceImpl [SpringPechenBot Telegram Executor] Отправили ответ на start для пользователя Александр
2023-08-27 21:41:09,066 INFO com.telegram.springPechenBot.service.TelegramBotServiceImpl [SpringPechenBot Telegram Executor] Отправили ответ на start для пользователя Александр
2023-08-27 21:41:11,913 INFO com.telegram.springPechenBot.service.TelegramBotServiceImpl [SpringPechenBot Telegram Executor] Отправили ответ на pron для пользователя Александр
2023-08-27 21:57:28,640 INFO com.zaxxer.hikari.HikariDataSource [SpringApplicationShutdownHook] HikariPool-1 - Shutdown initiated...
2023-08-27 21:57:28,643 INFO com.zaxxer.hikari.HikariDataSource [SpringApplicationShutdownHook] HikariPool-1 - Shutdown completed.
2023-08-27 22:01:51,016 INFO com.telegram.springPechenBot.SpringPechenBotApplication [main] Starting SpringPechenBotApplication using Java 20.0.2 with PID 9992 (C:\Users\6ak4a\IdeaProjects\springPechenBot\springPechenBot\target\classes started by 6ak4a in C:\Users\6ak4a\IdeaProjects\springPechenBot)
2023-08-27 22:01:51,018 INFO com.telegram.springPechenBot.SpringPechenBotApplication [main] No active profile set, falling back to 1 default profile: "default"
2023-08-27 22:01:51,829 INFO org.hibernate.jpa.internal.util.LogHelper [main] HHH000204: Processing PersistenceUnitInfo [name: default]
2023-08-27 22:01:51,870 INFO org.hibernate.Version [main] HHH000412: Hibernate ORM core version 6.2.6.Final
2023-08-27 22:01:51,872 INFO org.hibernate.cfg.Environment [main] HHH000406: Using bytecode reflection optimizer
2023-08-27 22:01:51,999 INFO org.hibernate.bytecode.internal.BytecodeProviderInitiator [main] HHH000021: Bytecode provider name : bytebuddy
2023-08-27 22:01:52,139 INFO com.zaxxer.hikari.HikariDataSource [main] HikariPool-1 - Starting...
2023-08-27 22:01:52,328 INFO com.zaxxer.hikari.pool.HikariPool [main] HikariPool-1 - Added connection org.postgresql.jdbc.PgConnection@14422d9d
2023-08-27 22:01:52,329 INFO com.zaxxer.hikari.HikariDataSource [main] HikariPool-1 - Start completed.
2023-08-27 22:01:52,651 INFO org.hibernate.bytecode.internal.BytecodeProviderInitiator [main] HHH000021: Bytecode provider name : bytebuddy
2023-08-27 22:01:53,229 INFO org.hibernate.engine.transaction.jta.platform.internal.JtaPlatformInitiator [main] HHH000490: Using JtaPlatform implementation: [org.hibernate.engine.transaction.jta.platform.internal.NoJtaPlatform]
2023-08-27 22:01:54,457 INFO com.telegram.springPechenBot.SpringPechenBotApplication [main] Started SpringPechenBotApplication in 3.832 seconds (process running for 4.372)
